<?xml version="1.0" encoding="UTF-8"?>
<testng-results ignored="0" total="1" passed="1" failed="0" skipped="0">
  <reporter-output>
  </reporter-output>
  <suite started-at="2025-11-03T12:47:22 IST" name="Surefire suite" finished-at="2025-11-03T12:47:26 IST" duration-ms="3963">
    <groups>
    </groups>
    <test started-at="2025-11-03T12:47:22 IST" name="Surefire test" finished-at="2025-11-03T12:47:26 IST" duration-ms="3963">
      <class name="com.studentgrades.StudentGradesUITest">
        <test-method signature="openStudentGradesPage()[pri:0, instance:com.studentgrades.StudentGradesUITest@163e4e87]" started-at="2025-11-03T12:47:22 IST" name="openStudentGradesPage" finished-at="2025-11-03T12:47:26 IST" duration-ms="3931" status="PASS">
          <reporter-output>
          </reporter-output>
        </test-method> <!-- openStudentGradesPage -->
      </class> <!-- com.studentgrades.StudentGradesUITest -->
    </test> <!-- Surefire test -->
  </suite> <!-- Surefire suite -->
</testng-results>
